Created by PLY version 3.11 (http://www.dabeaz.com/ply)

Unused terminals:

    COMILLA
    COMILLASIMPLE
    SALTODELINEA

Grammar

Rule 0     S' -> statements
Rule 1     statements -> statements statement
Rule 2     statements -> statements sentencia
Rule 3     statements -> sentencia
Rule 4     statements -> statement
Rule 5     statement -> asignacion
Rule 6     statement -> COMENTARIOS
Rule 7     asignacion -> ID ASIGNAR expr PUNTOYCOMA
Rule 8     tipodato -> NUMERICO
Rule 9     tipodato -> CARACTER
Rule 10    tipodato -> ESTADO
Rule 11    tipodato -> CADENA
Rule 12    statement -> LEER DOSPUNTOS expr
Rule 13    statement -> IMPRIMIR DOSPUNTOS expr PUNTOYCOMA
Rule 14    expr -> ID
Rule 15    expr -> NUMERICO
Rule 16    expr -> CADENA
Rule 17    expr -> CARACTER
Rule 18    expr -> ESTADO
Rule 19    expr -> expr MAS expr
Rule 20    expr -> expr MULTIPLICAR expr
Rule 21    expr -> expr DIVIDIR expr
Rule 22    expr -> expr MENOS expr
Rule 23    expr -> LPAREN expr RPAREN
Rule 24    condiciones -> MENOR
Rule 25    condiciones -> MENORIGUAL
Rule 26    condiciones -> MAYOR
Rule 27    condiciones -> MAYORIGUAL
Rule 28    condiciones -> ASIGNAR
Rule 29    condiciones -> IGUALDAD
Rule 30    condiciones -> DISTINTO
Rule 31    condicion -> expr condiciones expr
Rule 32    sentencia_si -> SI LPAREN condicion RPAREN LBLOCK lista_sentencia RBLOCK
Rule 33    sentencia_si -> SI LPAREN condicion RPAREN LBLOCK lista_sentencia RBLOCK NO LBLOCK lista_sentencia RBLOCK
Rule 34    sentencia_mientras -> MIENTRAS LPAREN condicion RPAREN LBLOCK lista_sentencia RBLOCK
Rule 35    sentencia_mientras -> HAZ LBLOCK lista_sentencia RBLOCK MIENTRAS LPAREN condicion RPAREN PUNTOYCOMA
Rule 36    sentencia_para -> PARA LPAREN asignacion condicion PUNTOYCOMA asignacion RPAREN LBLOCK lista_sentencia RBLOCK
Rule 37    sentencia -> sentencia_si
Rule 38    sentencia -> sentencia_mientras
Rule 39    sentencia -> sentencia_para
Rule 40    sentencia -> statement
Rule 41    lista_sentencia -> lista_sentencia sentencia
Rule 42    lista_sentencia -> sentencia

Terminals, with rules where they appear

ASIGNAR              : 7 28
CADENA               : 11 16
CARACTER             : 9 17
COMENTARIOS          : 6
COMILLA              : 
COMILLASIMPLE        : 
DISTINTO             : 30
DIVIDIR              : 21
DOSPUNTOS            : 12 13
ESTADO               : 10 18
HAZ                  : 35
ID                   : 7 14
IGUALDAD             : 29
IMPRIMIR             : 13
LBLOCK               : 32 33 33 34 35 36
LEER                 : 12
LPAREN               : 23 32 33 34 35 36
MAS                  : 19
MAYOR                : 26
MAYORIGUAL           : 27
MENOR                : 24
MENORIGUAL           : 25
MENOS                : 22
MIENTRAS             : 34 35
MULTIPLICAR          : 20
NO                   : 33
NUMERICO             : 8 15
PARA                 : 36
PUNTOYCOMA           : 7 13 35 36
RBLOCK               : 32 33 33 34 35 36
RPAREN               : 23 32 33 34 35 36
SALTODELINEA         : 
SI                   : 32 33
error                : 

Nonterminals, with rules where they appear

asignacion           : 5 36 36
condicion            : 32 33 34 35 36
condiciones          : 31
expr                 : 7 12 13 19 19 20 20 21 21 22 22 23 31 31
lista_sentencia      : 32 33 33 34 35 36 41
sentencia            : 2 3 41 42
sentencia_mientras   : 38
sentencia_para       : 39
sentencia_si         : 37
statement            : 1 4 40
statements           : 1 2 0
tipodato             : 

Parsing method: LALR

state 0

    (0) S' -> . statements
    (1) statements -> . statements statement
    (2) statements -> . statements sentencia
    (3) statements -> . sentencia
    (4) statements -> . statement
    (37) sentencia -> . sentencia_si
    (38) sentencia -> . sentencia_mientras
    (39) sentencia -> . sentencia_para
    (40) sentencia -> . statement
    (5) statement -> . asignacion
    (6) statement -> . COMENTARIOS
    (12) statement -> . LEER DOSPUNTOS expr
    (13) statement -> . IMPRIMIR DOSPUNTOS expr PUNTOYCOMA
    (32) sentencia_si -> . SI LPAREN condicion RPAREN LBLOCK lista_sentencia RBLOCK
    (33) sentencia_si -> . SI LPAREN condicion RPAREN LBLOCK lista_sentencia RBLOCK NO LBLOCK lista_sentencia RBLOCK
    (34) sentencia_mientras -> . MIENTRAS LPAREN condicion RPAREN LBLOCK lista_sentencia RBLOCK
    (35) sentencia_mientras -> . HAZ LBLOCK lista_sentencia RBLOCK MIENTRAS LPAREN condicion RPAREN PUNTOYCOMA
    (36) sentencia_para -> . PARA LPAREN asignacion condicion PUNTOYCOMA asignacion RPAREN LBLOCK lista_sentencia RBLOCK
    (7) asignacion -> . ID ASIGNAR expr PUNTOYCOMA

    COMENTARIOS     shift and go to state 8
    LEER            shift and go to state 9
    IMPRIMIR        shift and go to state 10
    SI              shift and go to state 11
    MIENTRAS        shift and go to state 12
    HAZ             shift and go to state 13
    PARA            shift and go to state 14
    ID              shift and go to state 15

    statements                     shift and go to state 1
    statement                      shift and go to state 2
    sentencia                      shift and go to state 3
    sentencia_si                   shift and go to state 4
    sentencia_mientras             shift and go to state 5
    sentencia_para                 shift and go to state 6
    asignacion                     shift and go to state 7

state 1

    (0) S' -> statements .
    (1) statements -> statements . statement
    (2) statements -> statements . sentencia
    (5) statement -> . asignacion
    (6) statement -> . COMENTARIOS
    (12) statement -> . LEER DOSPUNTOS expr
    (13) statement -> . IMPRIMIR DOSPUNTOS expr PUNTOYCOMA
    (37) sentencia -> . sentencia_si
    (38) sentencia -> . sentencia_mientras
    (39) sentencia -> . sentencia_para
    (40) sentencia -> . statement
    (7) asignacion -> . ID ASIGNAR expr PUNTOYCOMA
    (32) sentencia_si -> . SI LPAREN condicion RPAREN LBLOCK lista_sentencia RBLOCK
    (33) sentencia_si -> . SI LPAREN condicion RPAREN LBLOCK lista_sentencia RBLOCK NO LBLOCK lista_sentencia RBLOCK
    (34) sentencia_mientras -> . MIENTRAS LPAREN condicion RPAREN LBLOCK lista_sentencia RBLOCK
    (35) sentencia_mientras -> . HAZ LBLOCK lista_sentencia RBLOCK MIENTRAS LPAREN condicion RPAREN PUNTOYCOMA
    (36) sentencia_para -> . PARA LPAREN asignacion condicion PUNTOYCOMA asignacion RPAREN LBLOCK lista_sentencia RBLOCK

    COMENTARIOS     shift and go to state 8
    LEER            shift and go to state 9
    IMPRIMIR        shift and go to state 10
    ID              shift and go to state 15
    SI              shift and go to state 11
    MIENTRAS        shift and go to state 12
    HAZ             shift and go to state 13
    PARA            shift and go to state 14

    statement                      shift and go to state 16
    sentencia                      shift and go to state 17
    asignacion                     shift and go to state 7
    sentencia_si                   shift and go to state 4
    sentencia_mientras             shift and go to state 5
    sentencia_para                 shift and go to state 6

state 2

    (4) statements -> statement .
    (40) sentencia -> statement .

  ! reduce/reduce conflict for COMENTARIOS resolved using rule 4 (statements -> statement .)
  ! reduce/reduce conflict for LEER resolved using rule 4 (statements -> statement .)
  ! reduce/reduce conflict for IMPRIMIR resolved using rule 4 (statements -> statement .)
  ! reduce/reduce conflict for ID resolved using rule 4 (statements -> statement .)
  ! reduce/reduce conflict for SI resolved using rule 4 (statements -> statement .)
  ! reduce/reduce conflict for MIENTRAS resolved using rule 4 (statements -> statement .)
  ! reduce/reduce conflict for HAZ resolved using rule 4 (statements -> statement .)
  ! reduce/reduce conflict for PARA resolved using rule 4 (statements -> statement .)
  ! reduce/reduce conflict for $end resolved using rule 4 (statements -> statement .)
    COMENTARIOS     reduce using rule 4 (statements -> statement .)
    LEER            reduce using rule 4 (statements -> statement .)
    IMPRIMIR        reduce using rule 4 (statements -> statement .)
    ID              reduce using rule 4 (statements -> statement .)
    SI              reduce using rule 4 (statements -> statement .)
    MIENTRAS        reduce using rule 4 (statements -> statement .)
    HAZ             reduce using rule 4 (statements -> statement .)
    PARA            reduce using rule 4 (statements -> statement .)
    $end            reduce using rule 4 (statements -> statement .)

  ! COMENTARIOS     [ reduce using rule 40 (sentencia -> statement .) ]
  ! LEER            [ reduce using rule 40 (sentencia -> statement .) ]
  ! IMPRIMIR        [ reduce using rule 40 (sentencia -> statement .) ]
  ! ID              [ reduce using rule 40 (sentencia -> statement .) ]
  ! SI              [ reduce using rule 40 (sentencia -> statement .) ]
  ! MIENTRAS        [ reduce using rule 40 (sentencia -> statement .) ]
  ! HAZ             [ reduce using rule 40 (sentencia -> statement .) ]
  ! PARA            [ reduce using rule 40 (sentencia -> statement .) ]
  ! $end            [ reduce using rule 40 (sentencia -> statement .) ]


state 3

    (3) statements -> sentencia .

    COMENTARIOS     reduce using rule 3 (statements -> sentencia .)
    LEER            reduce using rule 3 (statements -> sentencia .)
    IMPRIMIR        reduce using rule 3 (statements -> sentencia .)
    ID              reduce using rule 3 (statements -> sentencia .)
    SI              reduce using rule 3 (statements -> sentencia .)
    MIENTRAS        reduce using rule 3 (statements -> sentencia .)
    HAZ             reduce using rule 3 (statements -> sentencia .)
    PARA            reduce using rule 3 (statements -> sentencia .)
    $end            reduce using rule 3 (statements -> sentencia .)


state 4

    (37) sentencia -> sentencia_si .

    COMENTARIOS     reduce using rule 37 (sentencia -> sentencia_si .)
    LEER            reduce using rule 37 (sentencia -> sentencia_si .)
    IMPRIMIR        reduce using rule 37 (sentencia -> sentencia_si .)
    ID              reduce using rule 37 (sentencia -> sentencia_si .)
    SI              reduce using rule 37 (sentencia -> sentencia_si .)
    MIENTRAS        reduce using rule 37 (sentencia -> sentencia_si .)
    HAZ             reduce using rule 37 (sentencia -> sentencia_si .)
    PARA            reduce using rule 37 (sentencia -> sentencia_si .)
    $end            reduce using rule 37 (sentencia -> sentencia_si .)
    RBLOCK          reduce using rule 37 (sentencia -> sentencia_si .)


state 5

    (38) sentencia -> sentencia_mientras .

    COMENTARIOS     reduce using rule 38 (sentencia -> sentencia_mientras .)
    LEER            reduce using rule 38 (sentencia -> sentencia_mientras .)
    IMPRIMIR        reduce using rule 38 (sentencia -> sentencia_mientras .)
    ID              reduce using rule 38 (sentencia -> sentencia_mientras .)
    SI              reduce using rule 38 (sentencia -> sentencia_mientras .)
    MIENTRAS        reduce using rule 38 (sentencia -> sentencia_mientras .)
    HAZ             reduce using rule 38 (sentencia -> sentencia_mientras .)
    PARA            reduce using rule 38 (sentencia -> sentencia_mientras .)
    $end            reduce using rule 38 (sentencia -> sentencia_mientras .)
    RBLOCK          reduce using rule 38 (sentencia -> sentencia_mientras .)


state 6

    (39) sentencia -> sentencia_para .

    COMENTARIOS     reduce using rule 39 (sentencia -> sentencia_para .)
    LEER            reduce using rule 39 (sentencia -> sentencia_para .)
    IMPRIMIR        reduce using rule 39 (sentencia -> sentencia_para .)
    ID              reduce using rule 39 (sentencia -> sentencia_para .)
    SI              reduce using rule 39 (sentencia -> sentencia_para .)
    MIENTRAS        reduce using rule 39 (sentencia -> sentencia_para .)
    HAZ             reduce using rule 39 (sentencia -> sentencia_para .)
    PARA            reduce using rule 39 (sentencia -> sentencia_para .)
    $end            reduce using rule 39 (sentencia -> sentencia_para .)
    RBLOCK          reduce using rule 39 (sentencia -> sentencia_para .)


state 7

    (5) statement -> asignacion .

    COMENTARIOS     reduce using rule 5 (statement -> asignacion .)
    LEER            reduce using rule 5 (statement -> asignacion .)
    IMPRIMIR        reduce using rule 5 (statement -> asignacion .)
    ID              reduce using rule 5 (statement -> asignacion .)
    SI              reduce using rule 5 (statement -> asignacion .)
    MIENTRAS        reduce using rule 5 (statement -> asignacion .)
    HAZ             reduce using rule 5 (statement -> asignacion .)
    PARA            reduce using rule 5 (statement -> asignacion .)
    $end            reduce using rule 5 (statement -> asignacion .)
    RBLOCK          reduce using rule 5 (statement -> asignacion .)


state 8

    (6) statement -> COMENTARIOS .

    COMENTARIOS     reduce using rule 6 (statement -> COMENTARIOS .)
    LEER            reduce using rule 6 (statement -> COMENTARIOS .)
    IMPRIMIR        reduce using rule 6 (statement -> COMENTARIOS .)
    ID              reduce using rule 6 (statement -> COMENTARIOS .)
    SI              reduce using rule 6 (statement -> COMENTARIOS .)
    MIENTRAS        reduce using rule 6 (statement -> COMENTARIOS .)
    HAZ             reduce using rule 6 (statement -> COMENTARIOS .)
    PARA            reduce using rule 6 (statement -> COMENTARIOS .)
    $end            reduce using rule 6 (statement -> COMENTARIOS .)
    RBLOCK          reduce using rule 6 (statement -> COMENTARIOS .)


state 9

    (12) statement -> LEER . DOSPUNTOS expr

    DOSPUNTOS       shift and go to state 18


state 10

    (13) statement -> IMPRIMIR . DOSPUNTOS expr PUNTOYCOMA

    DOSPUNTOS       shift and go to state 19


state 11

    (32) sentencia_si -> SI . LPAREN condicion RPAREN LBLOCK lista_sentencia RBLOCK
    (33) sentencia_si -> SI . LPAREN condicion RPAREN LBLOCK lista_sentencia RBLOCK NO LBLOCK lista_sentencia RBLOCK

    LPAREN          shift and go to state 20


state 12

    (34) sentencia_mientras -> MIENTRAS . LPAREN condicion RPAREN LBLOCK lista_sentencia RBLOCK

    LPAREN          shift and go to state 21


state 13

    (35) sentencia_mientras -> HAZ . LBLOCK lista_sentencia RBLOCK MIENTRAS LPAREN condicion RPAREN PUNTOYCOMA

    LBLOCK          shift and go to state 22


state 14

    (36) sentencia_para -> PARA . LPAREN asignacion condicion PUNTOYCOMA asignacion RPAREN LBLOCK lista_sentencia RBLOCK

    LPAREN          shift and go to state 23


state 15

    (7) asignacion -> ID . ASIGNAR expr PUNTOYCOMA

    ASIGNAR         shift and go to state 24


state 16

    (1) statements -> statements statement .
    (40) sentencia -> statement .

  ! reduce/reduce conflict for COMENTARIOS resolved using rule 1 (statements -> statements statement .)
  ! reduce/reduce conflict for LEER resolved using rule 1 (statements -> statements statement .)
  ! reduce/reduce conflict for IMPRIMIR resolved using rule 1 (statements -> statements statement .)
  ! reduce/reduce conflict for ID resolved using rule 1 (statements -> statements statement .)
  ! reduce/reduce conflict for SI resolved using rule 1 (statements -> statements statement .)
  ! reduce/reduce conflict for MIENTRAS resolved using rule 1 (statements -> statements statement .)
  ! reduce/reduce conflict for HAZ resolved using rule 1 (statements -> statements statement .)
  ! reduce/reduce conflict for PARA resolved using rule 1 (statements -> statements statement .)
  ! reduce/reduce conflict for $end resolved using rule 1 (statements -> statements statement .)
    COMENTARIOS     reduce using rule 1 (statements -> statements statement .)
    LEER            reduce using rule 1 (statements -> statements statement .)
    IMPRIMIR        reduce using rule 1 (statements -> statements statement .)
    ID              reduce using rule 1 (statements -> statements statement .)
    SI              reduce using rule 1 (statements -> statements statement .)
    MIENTRAS        reduce using rule 1 (statements -> statements statement .)
    HAZ             reduce using rule 1 (statements -> statements statement .)
    PARA            reduce using rule 1 (statements -> statements statement .)
    $end            reduce using rule 1 (statements -> statements statement .)

  ! COMENTARIOS     [ reduce using rule 40 (sentencia -> statement .) ]
  ! LEER            [ reduce using rule 40 (sentencia -> statement .) ]
  ! IMPRIMIR        [ reduce using rule 40 (sentencia -> statement .) ]
  ! ID              [ reduce using rule 40 (sentencia -> statement .) ]
  ! SI              [ reduce using rule 40 (sentencia -> statement .) ]
  ! MIENTRAS        [ reduce using rule 40 (sentencia -> statement .) ]
  ! HAZ             [ reduce using rule 40 (sentencia -> statement .) ]
  ! PARA            [ reduce using rule 40 (sentencia -> statement .) ]
  ! $end            [ reduce using rule 40 (sentencia -> statement .) ]


state 17

    (2) statements -> statements sentencia .

    COMENTARIOS     reduce using rule 2 (statements -> statements sentencia .)
    LEER            reduce using rule 2 (statements -> statements sentencia .)
    IMPRIMIR        reduce using rule 2 (statements -> statements sentencia .)
    ID              reduce using rule 2 (statements -> statements sentencia .)
    SI              reduce using rule 2 (statements -> statements sentencia .)
    MIENTRAS        reduce using rule 2 (statements -> statements sentencia .)
    HAZ             reduce using rule 2 (statements -> statements sentencia .)
    PARA            reduce using rule 2 (statements -> statements sentencia .)
    $end            reduce using rule 2 (statements -> statements sentencia .)


state 18

    (12) statement -> LEER DOSPUNTOS . expr
    (14) expr -> . ID
    (15) expr -> . NUMERICO
    (16) expr -> . CADENA
    (17) expr -> . CARACTER
    (18) expr -> . ESTADO
    (19) expr -> . expr MAS expr
    (20) expr -> . expr MULTIPLICAR expr
    (21) expr -> . expr DIVIDIR expr
    (22) expr -> . expr MENOS expr
    (23) expr -> . LPAREN expr RPAREN

    ID              shift and go to state 26
    NUMERICO        shift and go to state 27
    CADENA          shift and go to state 28
    CARACTER        shift and go to state 29
    ESTADO          shift and go to state 30
    LPAREN          shift and go to state 31

    expr                           shift and go to state 25

state 19

    (13) statement -> IMPRIMIR DOSPUNTOS . expr PUNTOYCOMA
    (14) expr -> . ID
    (15) expr -> . NUMERICO
    (16) expr -> . CADENA
    (17) expr -> . CARACTER
    (18) expr -> . ESTADO
    (19) expr -> . expr MAS expr
    (20) expr -> . expr MULTIPLICAR expr
    (21) expr -> . expr DIVIDIR expr
    (22) expr -> . expr MENOS expr
    (23) expr -> . LPAREN expr RPAREN

    ID              shift and go to state 26
    NUMERICO        shift and go to state 27
    CADENA          shift and go to state 28
    CARACTER        shift and go to state 29
    ESTADO          shift and go to state 30
    LPAREN          shift and go to state 31

    expr                           shift and go to state 32

state 20

    (32) sentencia_si -> SI LPAREN . condicion RPAREN LBLOCK lista_sentencia RBLOCK
    (33) sentencia_si -> SI LPAREN . condicion RPAREN LBLOCK lista_sentencia RBLOCK NO LBLOCK lista_sentencia RBLOCK
    (31) condicion -> . expr condiciones expr
    (14) expr -> . ID
    (15) expr -> . NUMERICO
    (16) expr -> . CADENA
    (17) expr -> . CARACTER
    (18) expr -> . ESTADO
    (19) expr -> . expr MAS expr
    (20) expr -> . expr MULTIPLICAR expr
    (21) expr -> . expr DIVIDIR expr
    (22) expr -> . expr MENOS expr
    (23) expr -> . LPAREN expr RPAREN

    ID              shift and go to state 26
    NUMERICO        shift and go to state 27
    CADENA          shift and go to state 28
    CARACTER        shift and go to state 29
    ESTADO          shift and go to state 30
    LPAREN          shift and go to state 31

    condicion                      shift and go to state 33
    expr                           shift and go to state 34

state 21

    (34) sentencia_mientras -> MIENTRAS LPAREN . condicion RPAREN LBLOCK lista_sentencia RBLOCK
    (31) condicion -> . expr condiciones expr
    (14) expr -> . ID
    (15) expr -> . NUMERICO
    (16) expr -> . CADENA
    (17) expr -> . CARACTER
    (18) expr -> . ESTADO
    (19) expr -> . expr MAS expr
    (20) expr -> . expr MULTIPLICAR expr
    (21) expr -> . expr DIVIDIR expr
    (22) expr -> . expr MENOS expr
    (23) expr -> . LPAREN expr RPAREN

    ID              shift and go to state 26
    NUMERICO        shift and go to state 27
    CADENA          shift and go to state 28
    CARACTER        shift and go to state 29
    ESTADO          shift and go to state 30
    LPAREN          shift and go to state 31

    condicion                      shift and go to state 35
    expr                           shift and go to state 34

state 22

    (35) sentencia_mientras -> HAZ LBLOCK . lista_sentencia RBLOCK MIENTRAS LPAREN condicion RPAREN PUNTOYCOMA
    (41) lista_sentencia -> . lista_sentencia sentencia
    (42) lista_sentencia -> . sentencia
    (37) sentencia -> . sentencia_si
    (38) sentencia -> . sentencia_mientras
    (39) sentencia -> . sentencia_para
    (40) sentencia -> . statement
    (32) sentencia_si -> . SI LPAREN condicion RPAREN LBLOCK lista_sentencia RBLOCK
    (33) sentencia_si -> . SI LPAREN condicion RPAREN LBLOCK lista_sentencia RBLOCK NO LBLOCK lista_sentencia RBLOCK
    (34) sentencia_mientras -> . MIENTRAS LPAREN condicion RPAREN LBLOCK lista_sentencia RBLOCK
    (35) sentencia_mientras -> . HAZ LBLOCK lista_sentencia RBLOCK MIENTRAS LPAREN condicion RPAREN PUNTOYCOMA
    (36) sentencia_para -> . PARA LPAREN asignacion condicion PUNTOYCOMA asignacion RPAREN LBLOCK lista_sentencia RBLOCK
    (5) statement -> . asignacion
    (6) statement -> . COMENTARIOS
    (12) statement -> . LEER DOSPUNTOS expr
    (13) statement -> . IMPRIMIR DOSPUNTOS expr PUNTOYCOMA
    (7) asignacion -> . ID ASIGNAR expr PUNTOYCOMA

    SI              shift and go to state 11
    MIENTRAS        shift and go to state 12
    HAZ             shift and go to state 13
    PARA            shift and go to state 14
    COMENTARIOS     shift and go to state 8
    LEER            shift and go to state 9
    IMPRIMIR        shift and go to state 10
    ID              shift and go to state 15

    lista_sentencia                shift and go to state 36
    sentencia                      shift and go to state 37
    sentencia_si                   shift and go to state 4
    sentencia_mientras             shift and go to state 5
    sentencia_para                 shift and go to state 6
    statement                      shift and go to state 38
    asignacion                     shift and go to state 7

state 23

    (36) sentencia_para -> PARA LPAREN . asignacion condicion PUNTOYCOMA asignacion RPAREN LBLOCK lista_sentencia RBLOCK
    (7) asignacion -> . ID ASIGNAR expr PUNTOYCOMA

    ID              shift and go to state 15

    asignacion                     shift and go to state 39

state 24

    (7) asignacion -> ID ASIGNAR . expr PUNTOYCOMA
    (14) expr -> . ID
    (15) expr -> . NUMERICO
    (16) expr -> . CADENA
    (17) expr -> . CARACTER
    (18) expr -> . ESTADO
    (19) expr -> . expr MAS expr
    (20) expr -> . expr MULTIPLICAR expr
    (21) expr -> . expr DIVIDIR expr
    (22) expr -> . expr MENOS expr
    (23) expr -> . LPAREN expr RPAREN

    ID              shift and go to state 26
    NUMERICO        shift and go to state 27
    CADENA          shift and go to state 28
    CARACTER        shift and go to state 29
    ESTADO          shift and go to state 30
    LPAREN          shift and go to state 31

    expr                           shift and go to state 40

state 25

    (12) statement -> LEER DOSPUNTOS expr .
    (19) expr -> expr . MAS expr
    (20) expr -> expr . MULTIPLICAR expr
    (21) expr -> expr . DIVIDIR expr
    (22) expr -> expr . MENOS expr

    COMENTARIOS     reduce using rule 12 (statement -> LEER DOSPUNTOS expr .)
    LEER            reduce using rule 12 (statement -> LEER DOSPUNTOS expr .)
    IMPRIMIR        reduce using rule 12 (statement -> LEER DOSPUNTOS expr .)
    ID              reduce using rule 12 (statement -> LEER DOSPUNTOS expr .)
    SI              reduce using rule 12 (statement -> LEER DOSPUNTOS expr .)
    MIENTRAS        reduce using rule 12 (statement -> LEER DOSPUNTOS expr .)
    HAZ             reduce using rule 12 (statement -> LEER DOSPUNTOS expr .)
    PARA            reduce using rule 12 (statement -> LEER DOSPUNTOS expr .)
    $end            reduce using rule 12 (statement -> LEER DOSPUNTOS expr .)
    RBLOCK          reduce using rule 12 (statement -> LEER DOSPUNTOS expr .)
    MAS             shift and go to state 41
    MULTIPLICAR     shift and go to state 42
    DIVIDIR         shift and go to state 43
    MENOS           shift and go to state 44


state 26

    (14) expr -> ID .

    MAS             reduce using rule 14 (expr -> ID .)
    MULTIPLICAR     reduce using rule 14 (expr -> ID .)
    DIVIDIR         reduce using rule 14 (expr -> ID .)
    MENOS           reduce using rule 14 (expr -> ID .)
    COMENTARIOS     reduce using rule 14 (expr -> ID .)
    LEER            reduce using rule 14 (expr -> ID .)
    IMPRIMIR        reduce using rule 14 (expr -> ID .)
    ID              reduce using rule 14 (expr -> ID .)
    SI              reduce using rule 14 (expr -> ID .)
    MIENTRAS        reduce using rule 14 (expr -> ID .)
    HAZ             reduce using rule 14 (expr -> ID .)
    PARA            reduce using rule 14 (expr -> ID .)
    $end            reduce using rule 14 (expr -> ID .)
    RBLOCK          reduce using rule 14 (expr -> ID .)
    PUNTOYCOMA      reduce using rule 14 (expr -> ID .)
    MENOR           reduce using rule 14 (expr -> ID .)
    MENORIGUAL      reduce using rule 14 (expr -> ID .)
    MAYOR           reduce using rule 14 (expr -> ID .)
    MAYORIGUAL      reduce using rule 14 (expr -> ID .)
    ASIGNAR         reduce using rule 14 (expr -> ID .)
    IGUALDAD        reduce using rule 14 (expr -> ID .)
    DISTINTO        reduce using rule 14 (expr -> ID .)
    RPAREN          reduce using rule 14 (expr -> ID .)


state 27

    (15) expr -> NUMERICO .

    MAS             reduce using rule 15 (expr -> NUMERICO .)
    MULTIPLICAR     reduce using rule 15 (expr -> NUMERICO .)
    DIVIDIR         reduce using rule 15 (expr -> NUMERICO .)
    MENOS           reduce using rule 15 (expr -> NUMERICO .)
    COMENTARIOS     reduce using rule 15 (expr -> NUMERICO .)
    LEER            reduce using rule 15 (expr -> NUMERICO .)
    IMPRIMIR        reduce using rule 15 (expr -> NUMERICO .)
    ID              reduce using rule 15 (expr -> NUMERICO .)
    SI              reduce using rule 15 (expr -> NUMERICO .)
    MIENTRAS        reduce using rule 15 (expr -> NUMERICO .)
    HAZ             reduce using rule 15 (expr -> NUMERICO .)
    PARA            reduce using rule 15 (expr -> NUMERICO .)
    $end            reduce using rule 15 (expr -> NUMERICO .)
    RBLOCK          reduce using rule 15 (expr -> NUMERICO .)
    PUNTOYCOMA      reduce using rule 15 (expr -> NUMERICO .)
    MENOR           reduce using rule 15 (expr -> NUMERICO .)
    MENORIGUAL      reduce using rule 15 (expr -> NUMERICO .)
    MAYOR           reduce using rule 15 (expr -> NUMERICO .)
    MAYORIGUAL      reduce using rule 15 (expr -> NUMERICO .)
    ASIGNAR         reduce using rule 15 (expr -> NUMERICO .)
    IGUALDAD        reduce using rule 15 (expr -> NUMERICO .)
    DISTINTO        reduce using rule 15 (expr -> NUMERICO .)
    RPAREN          reduce using rule 15 (expr -> NUMERICO .)


state 28

    (16) expr -> CADENA .

    MAS             reduce using rule 16 (expr -> CADENA .)
    MULTIPLICAR     reduce using rule 16 (expr -> CADENA .)
    DIVIDIR         reduce using rule 16 (expr -> CADENA .)
    MENOS           reduce using rule 16 (expr -> CADENA .)
    COMENTARIOS     reduce using rule 16 (expr -> CADENA .)
    LEER            reduce using rule 16 (expr -> CADENA .)
    IMPRIMIR        reduce using rule 16 (expr -> CADENA .)
    ID              reduce using rule 16 (expr -> CADENA .)
    SI              reduce using rule 16 (expr -> CADENA .)
    MIENTRAS        reduce using rule 16 (expr -> CADENA .)
    HAZ             reduce using rule 16 (expr -> CADENA .)
    PARA            reduce using rule 16 (expr -> CADENA .)
    $end            reduce using rule 16 (expr -> CADENA .)
    RBLOCK          reduce using rule 16 (expr -> CADENA .)
    PUNTOYCOMA      reduce using rule 16 (expr -> CADENA .)
    MENOR           reduce using rule 16 (expr -> CADENA .)
    MENORIGUAL      reduce using rule 16 (expr -> CADENA .)
    MAYOR           reduce using rule 16 (expr -> CADENA .)
    MAYORIGUAL      reduce using rule 16 (expr -> CADENA .)
    ASIGNAR         reduce using rule 16 (expr -> CADENA .)
    IGUALDAD        reduce using rule 16 (expr -> CADENA .)
    DISTINTO        reduce using rule 16 (expr -> CADENA .)
    RPAREN          reduce using rule 16 (expr -> CADENA .)


state 29

    (17) expr -> CARACTER .

    MAS             reduce using rule 17 (expr -> CARACTER .)
    MULTIPLICAR     reduce using rule 17 (expr -> CARACTER .)
    DIVIDIR         reduce using rule 17 (expr -> CARACTER .)
    MENOS           reduce using rule 17 (expr -> CARACTER .)
    COMENTARIOS     reduce using rule 17 (expr -> CARACTER .)
    LEER            reduce using rule 17 (expr -> CARACTER .)
    IMPRIMIR        reduce using rule 17 (expr -> CARACTER .)
    ID              reduce using rule 17 (expr -> CARACTER .)
    SI              reduce using rule 17 (expr -> CARACTER .)
    MIENTRAS        reduce using rule 17 (expr -> CARACTER .)
    HAZ             reduce using rule 17 (expr -> CARACTER .)
    PARA            reduce using rule 17 (expr -> CARACTER .)
    $end            reduce using rule 17 (expr -> CARACTER .)
    RBLOCK          reduce using rule 17 (expr -> CARACTER .)
    PUNTOYCOMA      reduce using rule 17 (expr -> CARACTER .)
    MENOR           reduce using rule 17 (expr -> CARACTER .)
    MENORIGUAL      reduce using rule 17 (expr -> CARACTER .)
    MAYOR           reduce using rule 17 (expr -> CARACTER .)
    MAYORIGUAL      reduce using rule 17 (expr -> CARACTER .)
    ASIGNAR         reduce using rule 17 (expr -> CARACTER .)
    IGUALDAD        reduce using rule 17 (expr -> CARACTER .)
    DISTINTO        reduce using rule 17 (expr -> CARACTER .)
    RPAREN          reduce using rule 17 (expr -> CARACTER .)


state 30

    (18) expr -> ESTADO .

    MAS             reduce using rule 18 (expr -> ESTADO .)
    MULTIPLICAR     reduce using rule 18 (expr -> ESTADO .)
    DIVIDIR         reduce using rule 18 (expr -> ESTADO .)
    MENOS           reduce using rule 18 (expr -> ESTADO .)
    COMENTARIOS     reduce using rule 18 (expr -> ESTADO .)
    LEER            reduce using rule 18 (expr -> ESTADO .)
    IMPRIMIR        reduce using rule 18 (expr -> ESTADO .)
    ID              reduce using rule 18 (expr -> ESTADO .)
    SI              reduce using rule 18 (expr -> ESTADO .)
    MIENTRAS        reduce using rule 18 (expr -> ESTADO .)
    HAZ             reduce using rule 18 (expr -> ESTADO .)
    PARA            reduce using rule 18 (expr -> ESTADO .)
    $end            reduce using rule 18 (expr -> ESTADO .)
    RBLOCK          reduce using rule 18 (expr -> ESTADO .)
    PUNTOYCOMA      reduce using rule 18 (expr -> ESTADO .)
    MENOR           reduce using rule 18 (expr -> ESTADO .)
    MENORIGUAL      reduce using rule 18 (expr -> ESTADO .)
    MAYOR           reduce using rule 18 (expr -> ESTADO .)
    MAYORIGUAL      reduce using rule 18 (expr -> ESTADO .)
    ASIGNAR         reduce using rule 18 (expr -> ESTADO .)
    IGUALDAD        reduce using rule 18 (expr -> ESTADO .)
    DISTINTO        reduce using rule 18 (expr -> ESTADO .)
    RPAREN          reduce using rule 18 (expr -> ESTADO .)


state 31

    (23) expr -> LPAREN . expr RPAREN
    (14) expr -> . ID
    (15) expr -> . NUMERICO
    (16) expr -> . CADENA
    (17) expr -> . CARACTER
    (18) expr -> . ESTADO
    (19) expr -> . expr MAS expr
    (20) expr -> . expr MULTIPLICAR expr
    (21) expr -> . expr DIVIDIR expr
    (22) expr -> . expr MENOS expr
    (23) expr -> . LPAREN expr RPAREN

    ID              shift and go to state 26
    NUMERICO        shift and go to state 27
    CADENA          shift and go to state 28
    CARACTER        shift and go to state 29
    ESTADO          shift and go to state 30
    LPAREN          shift and go to state 31

    expr                           shift and go to state 45

state 32

    (13) statement -> IMPRIMIR DOSPUNTOS expr . PUNTOYCOMA
    (19) expr -> expr . MAS expr
    (20) expr -> expr . MULTIPLICAR expr
    (21) expr -> expr . DIVIDIR expr
    (22) expr -> expr . MENOS expr

    PUNTOYCOMA      shift and go to state 46
    MAS             shift and go to state 41
    MULTIPLICAR     shift and go to state 42
    DIVIDIR         shift and go to state 43
    MENOS           shift and go to state 44


state 33

    (32) sentencia_si -> SI LPAREN condicion . RPAREN LBLOCK lista_sentencia RBLOCK
    (33) sentencia_si -> SI LPAREN condicion . RPAREN LBLOCK lista_sentencia RBLOCK NO LBLOCK lista_sentencia RBLOCK

    RPAREN          shift and go to state 47


state 34

    (31) condicion -> expr . condiciones expr
    (19) expr -> expr . MAS expr
    (20) expr -> expr . MULTIPLICAR expr
    (21) expr -> expr . DIVIDIR expr
    (22) expr -> expr . MENOS expr
    (24) condiciones -> . MENOR
    (25) condiciones -> . MENORIGUAL
    (26) condiciones -> . MAYOR
    (27) condiciones -> . MAYORIGUAL
    (28) condiciones -> . ASIGNAR
    (29) condiciones -> . IGUALDAD
    (30) condiciones -> . DISTINTO

    MAS             shift and go to state 41
    MULTIPLICAR     shift and go to state 42
    DIVIDIR         shift and go to state 43
    MENOS           shift and go to state 44
    MENOR           shift and go to state 49
    MENORIGUAL      shift and go to state 50
    MAYOR           shift and go to state 51
    MAYORIGUAL      shift and go to state 52
    ASIGNAR         shift and go to state 53
    IGUALDAD        shift and go to state 54
    DISTINTO        shift and go to state 55

    condiciones                    shift and go to state 48

state 35

    (34) sentencia_mientras -> MIENTRAS LPAREN condicion . RPAREN LBLOCK lista_sentencia RBLOCK

    RPAREN          shift and go to state 56


state 36

    (35) sentencia_mientras -> HAZ LBLOCK lista_sentencia . RBLOCK MIENTRAS LPAREN condicion RPAREN PUNTOYCOMA
    (41) lista_sentencia -> lista_sentencia . sentencia
    (37) sentencia -> . sentencia_si
    (38) sentencia -> . sentencia_mientras
    (39) sentencia -> . sentencia_para
    (40) sentencia -> . statement
    (32) sentencia_si -> . SI LPAREN condicion RPAREN LBLOCK lista_sentencia RBLOCK
    (33) sentencia_si -> . SI LPAREN condicion RPAREN LBLOCK lista_sentencia RBLOCK NO LBLOCK lista_sentencia RBLOCK
    (34) sentencia_mientras -> . MIENTRAS LPAREN condicion RPAREN LBLOCK lista_sentencia RBLOCK
    (35) sentencia_mientras -> . HAZ LBLOCK lista_sentencia RBLOCK MIENTRAS LPAREN condicion RPAREN PUNTOYCOMA
    (36) sentencia_para -> . PARA LPAREN asignacion condicion PUNTOYCOMA asignacion RPAREN LBLOCK lista_sentencia RBLOCK
    (5) statement -> . asignacion
    (6) statement -> . COMENTARIOS
    (12) statement -> . LEER DOSPUNTOS expr
    (13) statement -> . IMPRIMIR DOSPUNTOS expr PUNTOYCOMA
    (7) asignacion -> . ID ASIGNAR expr PUNTOYCOMA

    RBLOCK          shift and go to state 57
    SI              shift and go to state 11
    MIENTRAS        shift and go to state 12
    HAZ             shift and go to state 13
    PARA            shift and go to state 14
    COMENTARIOS     shift and go to state 8
    LEER            shift and go to state 9
    IMPRIMIR        shift and go to state 10
    ID              shift and go to state 15

    sentencia                      shift and go to state 58
    sentencia_si                   shift and go to state 4
    sentencia_mientras             shift and go to state 5
    sentencia_para                 shift and go to state 6
    statement                      shift and go to state 38
    asignacion                     shift and go to state 7

state 37

    (42) lista_sentencia -> sentencia .

    RBLOCK          reduce using rule 42 (lista_sentencia -> sentencia .)
    SI              reduce using rule 42 (lista_sentencia -> sentencia .)
    MIENTRAS        reduce using rule 42 (lista_sentencia -> sentencia .)
    HAZ             reduce using rule 42 (lista_sentencia -> sentencia .)
    PARA            reduce using rule 42 (lista_sentencia -> sentencia .)
    COMENTARIOS     reduce using rule 42 (lista_sentencia -> sentencia .)
    LEER            reduce using rule 42 (lista_sentencia -> sentencia .)
    IMPRIMIR        reduce using rule 42 (lista_sentencia -> sentencia .)
    ID              reduce using rule 42 (lista_sentencia -> sentencia .)


state 38

    (40) sentencia -> statement .

    RBLOCK          reduce using rule 40 (sentencia -> statement .)
    SI              reduce using rule 40 (sentencia -> statement .)
    MIENTRAS        reduce using rule 40 (sentencia -> statement .)
    HAZ             reduce using rule 40 (sentencia -> statement .)
    PARA            reduce using rule 40 (sentencia -> statement .)
    COMENTARIOS     reduce using rule 40 (sentencia -> statement .)
    LEER            reduce using rule 40 (sentencia -> statement .)
    IMPRIMIR        reduce using rule 40 (sentencia -> statement .)
    ID              reduce using rule 40 (sentencia -> statement .)


state 39

    (36) sentencia_para -> PARA LPAREN asignacion . condicion PUNTOYCOMA asignacion RPAREN LBLOCK lista_sentencia RBLOCK
    (31) condicion -> . expr condiciones expr
    (14) expr -> . ID
    (15) expr -> . NUMERICO
    (16) expr -> . CADENA
    (17) expr -> . CARACTER
    (18) expr -> . ESTADO
    (19) expr -> . expr MAS expr
    (20) expr -> . expr MULTIPLICAR expr
    (21) expr -> . expr DIVIDIR expr
    (22) expr -> . expr MENOS expr
    (23) expr -> . LPAREN expr RPAREN

    ID              shift and go to state 26
    NUMERICO        shift and go to state 27
    CADENA          shift and go to state 28
    CARACTER        shift and go to state 29
    ESTADO          shift and go to state 30
    LPAREN          shift and go to state 31

    condicion                      shift and go to state 59
    expr                           shift and go to state 34

state 40

    (7) asignacion -> ID ASIGNAR expr . PUNTOYCOMA
    (19) expr -> expr . MAS expr
    (20) expr -> expr . MULTIPLICAR expr
    (21) expr -> expr . DIVIDIR expr
    (22) expr -> expr . MENOS expr

    PUNTOYCOMA      shift and go to state 60
    MAS             shift and go to state 41
    MULTIPLICAR     shift and go to state 42
    DIVIDIR         shift and go to state 43
    MENOS           shift and go to state 44


state 41

    (19) expr -> expr MAS . expr
    (14) expr -> . ID
    (15) expr -> . NUMERICO
    (16) expr -> . CADENA
    (17) expr -> . CARACTER
    (18) expr -> . ESTADO
    (19) expr -> . expr MAS expr
    (20) expr -> . expr MULTIPLICAR expr
    (21) expr -> . expr DIVIDIR expr
    (22) expr -> . expr MENOS expr
    (23) expr -> . LPAREN expr RPAREN

    ID              shift and go to state 26
    NUMERICO        shift and go to state 27
    CADENA          shift and go to state 28
    CARACTER        shift and go to state 29
    ESTADO          shift and go to state 30
    LPAREN          shift and go to state 31

    expr                           shift and go to state 61

state 42

    (20) expr -> expr MULTIPLICAR . expr
    (14) expr -> . ID
    (15) expr -> . NUMERICO
    (16) expr -> . CADENA
    (17) expr -> . CARACTER
    (18) expr -> . ESTADO
    (19) expr -> . expr MAS expr
    (20) expr -> . expr MULTIPLICAR expr
    (21) expr -> . expr DIVIDIR expr
    (22) expr -> . expr MENOS expr
    (23) expr -> . LPAREN expr RPAREN

    ID              shift and go to state 26
    NUMERICO        shift and go to state 27
    CADENA          shift and go to state 28
    CARACTER        shift and go to state 29
    ESTADO          shift and go to state 30
    LPAREN          shift and go to state 31

    expr                           shift and go to state 62

state 43

    (21) expr -> expr DIVIDIR . expr
    (14) expr -> . ID
    (15) expr -> . NUMERICO
    (16) expr -> . CADENA
    (17) expr -> . CARACTER
    (18) expr -> . ESTADO
    (19) expr -> . expr MAS expr
    (20) expr -> . expr MULTIPLICAR expr
    (21) expr -> . expr DIVIDIR expr
    (22) expr -> . expr MENOS expr
    (23) expr -> . LPAREN expr RPAREN

    ID              shift and go to state 26
    NUMERICO        shift and go to state 27
    CADENA          shift and go to state 28
    CARACTER        shift and go to state 29
    ESTADO          shift and go to state 30
    LPAREN          shift and go to state 31

    expr                           shift and go to state 63

state 44

    (22) expr -> expr MENOS . expr
    (14) expr -> . ID
    (15) expr -> . NUMERICO
    (16) expr -> . CADENA
    (17) expr -> . CARACTER
    (18) expr -> . ESTADO
    (19) expr -> . expr MAS expr
    (20) expr -> . expr MULTIPLICAR expr
    (21) expr -> . expr DIVIDIR expr
    (22) expr -> . expr MENOS expr
    (23) expr -> . LPAREN expr RPAREN

    ID              shift and go to state 26
    NUMERICO        shift and go to state 27
    CADENA          shift and go to state 28
    CARACTER        shift and go to state 29
    ESTADO          shift and go to state 30
    LPAREN          shift and go to state 31

    expr                           shift and go to state 64

state 45

    (23) expr -> LPAREN expr . RPAREN
    (19) expr -> expr . MAS expr
    (20) expr -> expr . MULTIPLICAR expr
    (21) expr -> expr . DIVIDIR expr
    (22) expr -> expr . MENOS expr

    RPAREN          shift and go to state 65
    MAS             shift and go to state 41
    MULTIPLICAR     shift and go to state 42
    DIVIDIR         shift and go to state 43
    MENOS           shift and go to state 44


state 46

    (13) statement -> IMPRIMIR DOSPUNTOS expr PUNTOYCOMA .

    COMENTARIOS     reduce using rule 13 (statement -> IMPRIMIR DOSPUNTOS expr PUNTOYCOMA .)
    LEER            reduce using rule 13 (statement -> IMPRIMIR DOSPUNTOS expr PUNTOYCOMA .)
    IMPRIMIR        reduce using rule 13 (statement -> IMPRIMIR DOSPUNTOS expr PUNTOYCOMA .)
    ID              reduce using rule 13 (statement -> IMPRIMIR DOSPUNTOS expr PUNTOYCOMA .)
    SI              reduce using rule 13 (statement -> IMPRIMIR DOSPUNTOS expr PUNTOYCOMA .)
    MIENTRAS        reduce using rule 13 (statement -> IMPRIMIR DOSPUNTOS expr PUNTOYCOMA .)
    HAZ             reduce using rule 13 (statement -> IMPRIMIR DOSPUNTOS expr PUNTOYCOMA .)
    PARA            reduce using rule 13 (statement -> IMPRIMIR DOSPUNTOS expr PUNTOYCOMA .)
    $end            reduce using rule 13 (statement -> IMPRIMIR DOSPUNTOS expr PUNTOYCOMA .)
    RBLOCK          reduce using rule 13 (statement -> IMPRIMIR DOSPUNTOS expr PUNTOYCOMA .)


state 47

    (32) sentencia_si -> SI LPAREN condicion RPAREN . LBLOCK lista_sentencia RBLOCK
    (33) sentencia_si -> SI LPAREN condicion RPAREN . LBLOCK lista_sentencia RBLOCK NO LBLOCK lista_sentencia RBLOCK

    LBLOCK          shift and go to state 66


state 48

    (31) condicion -> expr condiciones . expr
    (14) expr -> . ID
    (15) expr -> . NUMERICO
    (16) expr -> . CADENA
    (17) expr -> . CARACTER
    (18) expr -> . ESTADO
    (19) expr -> . expr MAS expr
    (20) expr -> . expr MULTIPLICAR expr
    (21) expr -> . expr DIVIDIR expr
    (22) expr -> . expr MENOS expr
    (23) expr -> . LPAREN expr RPAREN

    ID              shift and go to state 26
    NUMERICO        shift and go to state 27
    CADENA          shift and go to state 28
    CARACTER        shift and go to state 29
    ESTADO          shift and go to state 30
    LPAREN          shift and go to state 31

    expr                           shift and go to state 67

state 49

    (24) condiciones -> MENOR .

    ID              reduce using rule 24 (condiciones -> MENOR .)
    NUMERICO        reduce using rule 24 (condiciones -> MENOR .)
    CADENA          reduce using rule 24 (condiciones -> MENOR .)
    CARACTER        reduce using rule 24 (condiciones -> MENOR .)
    ESTADO          reduce using rule 24 (condiciones -> MENOR .)
    LPAREN          reduce using rule 24 (condiciones -> MENOR .)


state 50

    (25) condiciones -> MENORIGUAL .

    ID              reduce using rule 25 (condiciones -> MENORIGUAL .)
    NUMERICO        reduce using rule 25 (condiciones -> MENORIGUAL .)
    CADENA          reduce using rule 25 (condiciones -> MENORIGUAL .)
    CARACTER        reduce using rule 25 (condiciones -> MENORIGUAL .)
    ESTADO          reduce using rule 25 (condiciones -> MENORIGUAL .)
    LPAREN          reduce using rule 25 (condiciones -> MENORIGUAL .)


state 51

    (26) condiciones -> MAYOR .

    ID              reduce using rule 26 (condiciones -> MAYOR .)
    NUMERICO        reduce using rule 26 (condiciones -> MAYOR .)
    CADENA          reduce using rule 26 (condiciones -> MAYOR .)
    CARACTER        reduce using rule 26 (condiciones -> MAYOR .)
    ESTADO          reduce using rule 26 (condiciones -> MAYOR .)
    LPAREN          reduce using rule 26 (condiciones -> MAYOR .)


state 52

    (27) condiciones -> MAYORIGUAL .

    ID              reduce using rule 27 (condiciones -> MAYORIGUAL .)
    NUMERICO        reduce using rule 27 (condiciones -> MAYORIGUAL .)
    CADENA          reduce using rule 27 (condiciones -> MAYORIGUAL .)
    CARACTER        reduce using rule 27 (condiciones -> MAYORIGUAL .)
    ESTADO          reduce using rule 27 (condiciones -> MAYORIGUAL .)
    LPAREN          reduce using rule 27 (condiciones -> MAYORIGUAL .)


state 53

    (28) condiciones -> ASIGNAR .

    ID              reduce using rule 28 (condiciones -> ASIGNAR .)
    NUMERICO        reduce using rule 28 (condiciones -> ASIGNAR .)
    CADENA          reduce using rule 28 (condiciones -> ASIGNAR .)
    CARACTER        reduce using rule 28 (condiciones -> ASIGNAR .)
    ESTADO          reduce using rule 28 (condiciones -> ASIGNAR .)
    LPAREN          reduce using rule 28 (condiciones -> ASIGNAR .)


state 54

    (29) condiciones -> IGUALDAD .

    ID              reduce using rule 29 (condiciones -> IGUALDAD .)
    NUMERICO        reduce using rule 29 (condiciones -> IGUALDAD .)
    CADENA          reduce using rule 29 (condiciones -> IGUALDAD .)
    CARACTER        reduce using rule 29 (condiciones -> IGUALDAD .)
    ESTADO          reduce using rule 29 (condiciones -> IGUALDAD .)
    LPAREN          reduce using rule 29 (condiciones -> IGUALDAD .)


state 55

    (30) condiciones -> DISTINTO .

    ID              reduce using rule 30 (condiciones -> DISTINTO .)
    NUMERICO        reduce using rule 30 (condiciones -> DISTINTO .)
    CADENA          reduce using rule 30 (condiciones -> DISTINTO .)
    CARACTER        reduce using rule 30 (condiciones -> DISTINTO .)
    ESTADO          reduce using rule 30 (condiciones -> DISTINTO .)
    LPAREN          reduce using rule 30 (condiciones -> DISTINTO .)


state 56

    (34) sentencia_mientras -> MIENTRAS LPAREN condicion RPAREN . LBLOCK lista_sentencia RBLOCK

    LBLOCK          shift and go to state 68


state 57

    (35) sentencia_mientras -> HAZ LBLOCK lista_sentencia RBLOCK . MIENTRAS LPAREN condicion RPAREN PUNTOYCOMA

    MIENTRAS        shift and go to state 69


state 58

    (41) lista_sentencia -> lista_sentencia sentencia .

    RBLOCK          reduce using rule 41 (lista_sentencia -> lista_sentencia sentencia .)
    SI              reduce using rule 41 (lista_sentencia -> lista_sentencia sentencia .)
    MIENTRAS        reduce using rule 41 (lista_sentencia -> lista_sentencia sentencia .)
    HAZ             reduce using rule 41 (lista_sentencia -> lista_sentencia sentencia .)
    PARA            reduce using rule 41 (lista_sentencia -> lista_sentencia sentencia .)
    COMENTARIOS     reduce using rule 41 (lista_sentencia -> lista_sentencia sentencia .)
    LEER            reduce using rule 41 (lista_sentencia -> lista_sentencia sentencia .)
    IMPRIMIR        reduce using rule 41 (lista_sentencia -> lista_sentencia sentencia .)
    ID              reduce using rule 41 (lista_sentencia -> lista_sentencia sentencia .)


state 59

    (36) sentencia_para -> PARA LPAREN asignacion condicion . PUNTOYCOMA asignacion RPAREN LBLOCK lista_sentencia RBLOCK

    PUNTOYCOMA      shift and go to state 70


state 60

    (7) asignacion -> ID ASIGNAR expr PUNTOYCOMA .

    COMENTARIOS     reduce using rule 7 (asignacion -> ID ASIGNAR expr PUNTOYCOMA .)
    LEER            reduce using rule 7 (asignacion -> ID ASIGNAR expr PUNTOYCOMA .)
    IMPRIMIR        reduce using rule 7 (asignacion -> ID ASIGNAR expr PUNTOYCOMA .)
    ID              reduce using rule 7 (asignacion -> ID ASIGNAR expr PUNTOYCOMA .)
    SI              reduce using rule 7 (asignacion -> ID ASIGNAR expr PUNTOYCOMA .)
    MIENTRAS        reduce using rule 7 (asignacion -> ID ASIGNAR expr PUNTOYCOMA .)
    HAZ             reduce using rule 7 (asignacion -> ID ASIGNAR expr PUNTOYCOMA .)
    PARA            reduce using rule 7 (asignacion -> ID ASIGNAR expr PUNTOYCOMA .)
    $end            reduce using rule 7 (asignacion -> ID ASIGNAR expr PUNTOYCOMA .)
    RBLOCK          reduce using rule 7 (asignacion -> ID ASIGNAR expr PUNTOYCOMA .)
    NUMERICO        reduce using rule 7 (asignacion -> ID ASIGNAR expr PUNTOYCOMA .)
    CADENA          reduce using rule 7 (asignacion -> ID ASIGNAR expr PUNTOYCOMA .)
    CARACTER        reduce using rule 7 (asignacion -> ID ASIGNAR expr PUNTOYCOMA .)
    ESTADO          reduce using rule 7 (asignacion -> ID ASIGNAR expr PUNTOYCOMA .)
    LPAREN          reduce using rule 7 (asignacion -> ID ASIGNAR expr PUNTOYCOMA .)
    RPAREN          reduce using rule 7 (asignacion -> ID ASIGNAR expr PUNTOYCOMA .)


state 61

    (19) expr -> expr MAS expr .
    (19) expr -> expr . MAS expr
    (20) expr -> expr . MULTIPLICAR expr
    (21) expr -> expr . DIVIDIR expr
    (22) expr -> expr . MENOS expr

  ! shift/reduce conflict for MAS resolved as shift
  ! shift/reduce conflict for MULTIPLICAR resolved as shift
  ! shift/reduce conflict for DIVIDIR resolved as shift
  ! shift/reduce conflict for MENOS resolved as shift
    COMENTARIOS     reduce using rule 19 (expr -> expr MAS expr .)
    LEER            reduce using rule 19 (expr -> expr MAS expr .)
    IMPRIMIR        reduce using rule 19 (expr -> expr MAS expr .)
    ID              reduce using rule 19 (expr -> expr MAS expr .)
    SI              reduce using rule 19 (expr -> expr MAS expr .)
    MIENTRAS        reduce using rule 19 (expr -> expr MAS expr .)
    HAZ             reduce using rule 19 (expr -> expr MAS expr .)
    PARA            reduce using rule 19 (expr -> expr MAS expr .)
    $end            reduce using rule 19 (expr -> expr MAS expr .)
    RBLOCK          reduce using rule 19 (expr -> expr MAS expr .)
    PUNTOYCOMA      reduce using rule 19 (expr -> expr MAS expr .)
    MENOR           reduce using rule 19 (expr -> expr MAS expr .)
    MENORIGUAL      reduce using rule 19 (expr -> expr MAS expr .)
    MAYOR           reduce using rule 19 (expr -> expr MAS expr .)
    MAYORIGUAL      reduce using rule 19 (expr -> expr MAS expr .)
    ASIGNAR         reduce using rule 19 (expr -> expr MAS expr .)
    IGUALDAD        reduce using rule 19 (expr -> expr MAS expr .)
    DISTINTO        reduce using rule 19 (expr -> expr MAS expr .)
    RPAREN          reduce using rule 19 (expr -> expr MAS expr .)
    MAS             shift and go to state 41
    MULTIPLICAR     shift and go to state 42
    DIVIDIR         shift and go to state 43
    MENOS           shift and go to state 44

  ! MAS             [ reduce using rule 19 (expr -> expr MAS expr .) ]
  ! MULTIPLICAR     [ reduce using rule 19 (expr -> expr MAS expr .) ]
  ! DIVIDIR         [ reduce using rule 19 (expr -> expr MAS expr .) ]
  ! MENOS           [ reduce using rule 19 (expr -> expr MAS expr .) ]


state 62

    (20) expr -> expr MULTIPLICAR expr .
    (19) expr -> expr . MAS expr
    (20) expr -> expr . MULTIPLICAR expr
    (21) expr -> expr . DIVIDIR expr
    (22) expr -> expr . MENOS expr

  ! shift/reduce conflict for MAS resolved as shift
  ! shift/reduce conflict for MULTIPLICAR resolved as shift
  ! shift/reduce conflict for DIVIDIR resolved as shift
  ! shift/reduce conflict for MENOS resolved as shift
    COMENTARIOS     reduce using rule 20 (expr -> expr MULTIPLICAR expr .)
    LEER            reduce using rule 20 (expr -> expr MULTIPLICAR expr .)
    IMPRIMIR        reduce using rule 20 (expr -> expr MULTIPLICAR expr .)
    ID              reduce using rule 20 (expr -> expr MULTIPLICAR expr .)
    SI              reduce using rule 20 (expr -> expr MULTIPLICAR expr .)
    MIENTRAS        reduce using rule 20 (expr -> expr MULTIPLICAR expr .)
    HAZ             reduce using rule 20 (expr -> expr MULTIPLICAR expr .)
    PARA            reduce using rule 20 (expr -> expr MULTIPLICAR expr .)
    $end            reduce using rule 20 (expr -> expr MULTIPLICAR expr .)
    RBLOCK          reduce using rule 20 (expr -> expr MULTIPLICAR expr .)
    PUNTOYCOMA      reduce using rule 20 (expr -> expr MULTIPLICAR expr .)
    MENOR           reduce using rule 20 (expr -> expr MULTIPLICAR expr .)
    MENORIGUAL      reduce using rule 20 (expr -> expr MULTIPLICAR expr .)
    MAYOR           reduce using rule 20 (expr -> expr MULTIPLICAR expr .)
    MAYORIGUAL      reduce using rule 20 (expr -> expr MULTIPLICAR expr .)
    ASIGNAR         reduce using rule 20 (expr -> expr MULTIPLICAR expr .)
    IGUALDAD        reduce using rule 20 (expr -> expr MULTIPLICAR expr .)
    DISTINTO        reduce using rule 20 (expr -> expr MULTIPLICAR expr .)
    RPAREN          reduce using rule 20 (expr -> expr MULTIPLICAR expr .)
    MAS             shift and go to state 41
    MULTIPLICAR     shift and go to state 42
    DIVIDIR         shift and go to state 43
    MENOS           shift and go to state 44

  ! MAS             [ reduce using rule 20 (expr -> expr MULTIPLICAR expr .) ]
  ! MULTIPLICAR     [ reduce using rule 20 (expr -> expr MULTIPLICAR expr .) ]
  ! DIVIDIR         [ reduce using rule 20 (expr -> expr MULTIPLICAR expr .) ]
  ! MENOS           [ reduce using rule 20 (expr -> expr MULTIPLICAR expr .) ]


state 63

    (21) expr -> expr DIVIDIR expr .
    (19) expr -> expr . MAS expr
    (20) expr -> expr . MULTIPLICAR expr
    (21) expr -> expr . DIVIDIR expr
    (22) expr -> expr . MENOS expr

  ! shift/reduce conflict for MAS resolved as shift
  ! shift/reduce conflict for MULTIPLICAR resolved as shift
  ! shift/reduce conflict for DIVIDIR resolved as shift
  ! shift/reduce conflict for MENOS resolved as shift
    COMENTARIOS     reduce using rule 21 (expr -> expr DIVIDIR expr .)
    LEER            reduce using rule 21 (expr -> expr DIVIDIR expr .)
    IMPRIMIR        reduce using rule 21 (expr -> expr DIVIDIR expr .)
    ID              reduce using rule 21 (expr -> expr DIVIDIR expr .)
    SI              reduce using rule 21 (expr -> expr DIVIDIR expr .)
    MIENTRAS        reduce using rule 21 (expr -> expr DIVIDIR expr .)
    HAZ             reduce using rule 21 (expr -> expr DIVIDIR expr .)
    PARA            reduce using rule 21 (expr -> expr DIVIDIR expr .)
    $end            reduce using rule 21 (expr -> expr DIVIDIR expr .)
    RBLOCK          reduce using rule 21 (expr -> expr DIVIDIR expr .)
    PUNTOYCOMA      reduce using rule 21 (expr -> expr DIVIDIR expr .)
    MENOR           reduce using rule 21 (expr -> expr DIVIDIR expr .)
    MENORIGUAL      reduce using rule 21 (expr -> expr DIVIDIR expr .)
    MAYOR           reduce using rule 21 (expr -> expr DIVIDIR expr .)
    MAYORIGUAL      reduce using rule 21 (expr -> expr DIVIDIR expr .)
    ASIGNAR         reduce using rule 21 (expr -> expr DIVIDIR expr .)
    IGUALDAD        reduce using rule 21 (expr -> expr DIVIDIR expr .)
    DISTINTO        reduce using rule 21 (expr -> expr DIVIDIR expr .)
    RPAREN          reduce using rule 21 (expr -> expr DIVIDIR expr .)
    MAS             shift and go to state 41
    MULTIPLICAR     shift and go to state 42
    DIVIDIR         shift and go to state 43
    MENOS           shift and go to state 44

  ! MAS             [ reduce using rule 21 (expr -> expr DIVIDIR expr .) ]
  ! MULTIPLICAR     [ reduce using rule 21 (expr -> expr DIVIDIR expr .) ]
  ! DIVIDIR         [ reduce using rule 21 (expr -> expr DIVIDIR expr .) ]
  ! MENOS           [ reduce using rule 21 (expr -> expr DIVIDIR expr .) ]


state 64

    (22) expr -> expr MENOS expr .
    (19) expr -> expr . MAS expr
    (20) expr -> expr . MULTIPLICAR expr
    (21) expr -> expr . DIVIDIR expr
    (22) expr -> expr . MENOS expr

  ! shift/reduce conflict for MAS resolved as shift
  ! shift/reduce conflict for MULTIPLICAR resolved as shift
  ! shift/reduce conflict for DIVIDIR resolved as shift
  ! shift/reduce conflict for MENOS resolved as shift
    COMENTARIOS     reduce using rule 22 (expr -> expr MENOS expr .)
    LEER            reduce using rule 22 (expr -> expr MENOS expr .)
    IMPRIMIR        reduce using rule 22 (expr -> expr MENOS expr .)
    ID              reduce using rule 22 (expr -> expr MENOS expr .)
    SI              reduce using rule 22 (expr -> expr MENOS expr .)
    MIENTRAS        reduce using rule 22 (expr -> expr MENOS expr .)
    HAZ             reduce using rule 22 (expr -> expr MENOS expr .)
    PARA            reduce using rule 22 (expr -> expr MENOS expr .)
    $end            reduce using rule 22 (expr -> expr MENOS expr .)
    RBLOCK          reduce using rule 22 (expr -> expr MENOS expr .)
    PUNTOYCOMA      reduce using rule 22 (expr -> expr MENOS expr .)
    MENOR           reduce using rule 22 (expr -> expr MENOS expr .)
    MENORIGUAL      reduce using rule 22 (expr -> expr MENOS expr .)
    MAYOR           reduce using rule 22 (expr -> expr MENOS expr .)
    MAYORIGUAL      reduce using rule 22 (expr -> expr MENOS expr .)
    ASIGNAR         reduce using rule 22 (expr -> expr MENOS expr .)
    IGUALDAD        reduce using rule 22 (expr -> expr MENOS expr .)
    DISTINTO        reduce using rule 22 (expr -> expr MENOS expr .)
    RPAREN          reduce using rule 22 (expr -> expr MENOS expr .)
    MAS             shift and go to state 41
    MULTIPLICAR     shift and go to state 42
    DIVIDIR         shift and go to state 43
    MENOS           shift and go to state 44

  ! MAS             [ reduce using rule 22 (expr -> expr MENOS expr .) ]
  ! MULTIPLICAR     [ reduce using rule 22 (expr -> expr MENOS expr .) ]
  ! DIVIDIR         [ reduce using rule 22 (expr -> expr MENOS expr .) ]
  ! MENOS           [ reduce using rule 22 (expr -> expr MENOS expr .) ]


state 65

    (23) expr -> LPAREN expr RPAREN .

    MAS             reduce using rule 23 (expr -> LPAREN expr RPAREN .)
    MULTIPLICAR     reduce using rule 23 (expr -> LPAREN expr RPAREN .)
    DIVIDIR         reduce using rule 23 (expr -> LPAREN expr RPAREN .)
    MENOS           reduce using rule 23 (expr -> LPAREN expr RPAREN .)
    COMENTARIOS     reduce using rule 23 (expr -> LPAREN expr RPAREN .)
    LEER            reduce using rule 23 (expr -> LPAREN expr RPAREN .)
    IMPRIMIR        reduce using rule 23 (expr -> LPAREN expr RPAREN .)
    ID              reduce using rule 23 (expr -> LPAREN expr RPAREN .)
    SI              reduce using rule 23 (expr -> LPAREN expr RPAREN .)
    MIENTRAS        reduce using rule 23 (expr -> LPAREN expr RPAREN .)
    HAZ             reduce using rule 23 (expr -> LPAREN expr RPAREN .)
    PARA            reduce using rule 23 (expr -> LPAREN expr RPAREN .)
    $end            reduce using rule 23 (expr -> LPAREN expr RPAREN .)
    RBLOCK          reduce using rule 23 (expr -> LPAREN expr RPAREN .)
    PUNTOYCOMA      reduce using rule 23 (expr -> LPAREN expr RPAREN .)
    MENOR           reduce using rule 23 (expr -> LPAREN expr RPAREN .)
    MENORIGUAL      reduce using rule 23 (expr -> LPAREN expr RPAREN .)
    MAYOR           reduce using rule 23 (expr -> LPAREN expr RPAREN .)
    MAYORIGUAL      reduce using rule 23 (expr -> LPAREN expr RPAREN .)
    ASIGNAR         reduce using rule 23 (expr -> LPAREN expr RPAREN .)
    IGUALDAD        reduce using rule 23 (expr -> LPAREN expr RPAREN .)
    DISTINTO        reduce using rule 23 (expr -> LPAREN expr RPAREN .)
    RPAREN          reduce using rule 23 (expr -> LPAREN expr RPAREN .)


state 66

    (32) sentencia_si -> SI LPAREN condicion RPAREN LBLOCK . lista_sentencia RBLOCK
    (33) sentencia_si -> SI LPAREN condicion RPAREN LBLOCK . lista_sentencia RBLOCK NO LBLOCK lista_sentencia RBLOCK
    (41) lista_sentencia -> . lista_sentencia sentencia
    (42) lista_sentencia -> . sentencia
    (37) sentencia -> . sentencia_si
    (38) sentencia -> . sentencia_mientras
    (39) sentencia -> . sentencia_para
    (40) sentencia -> . statement
    (32) sentencia_si -> . SI LPAREN condicion RPAREN LBLOCK lista_sentencia RBLOCK
    (33) sentencia_si -> . SI LPAREN condicion RPAREN LBLOCK lista_sentencia RBLOCK NO LBLOCK lista_sentencia RBLOCK
    (34) sentencia_mientras -> . MIENTRAS LPAREN condicion RPAREN LBLOCK lista_sentencia RBLOCK
    (35) sentencia_mientras -> . HAZ LBLOCK lista_sentencia RBLOCK MIENTRAS LPAREN condicion RPAREN PUNTOYCOMA
    (36) sentencia_para -> . PARA LPAREN asignacion condicion PUNTOYCOMA asignacion RPAREN LBLOCK lista_sentencia RBLOCK
    (5) statement -> . asignacion
    (6) statement -> . COMENTARIOS
    (12) statement -> . LEER DOSPUNTOS expr
    (13) statement -> . IMPRIMIR DOSPUNTOS expr PUNTOYCOMA
    (7) asignacion -> . ID ASIGNAR expr PUNTOYCOMA

    SI              shift and go to state 11
    MIENTRAS        shift and go to state 12
    HAZ             shift and go to state 13
    PARA            shift and go to state 14
    COMENTARIOS     shift and go to state 8
    LEER            shift and go to state 9
    IMPRIMIR        shift and go to state 10
    ID              shift and go to state 15

    lista_sentencia                shift and go to state 71
    sentencia                      shift and go to state 37
    sentencia_si                   shift and go to state 4
    sentencia_mientras             shift and go to state 5
    sentencia_para                 shift and go to state 6
    statement                      shift and go to state 38
    asignacion                     shift and go to state 7

state 67

    (31) condicion -> expr condiciones expr .
    (19) expr -> expr . MAS expr
    (20) expr -> expr . MULTIPLICAR expr
    (21) expr -> expr . DIVIDIR expr
    (22) expr -> expr . MENOS expr

    RPAREN          reduce using rule 31 (condicion -> expr condiciones expr .)
    PUNTOYCOMA      reduce using rule 31 (condicion -> expr condiciones expr .)
    MAS             shift and go to state 41
    MULTIPLICAR     shift and go to state 42
    DIVIDIR         shift and go to state 43
    MENOS           shift and go to state 44


state 68

    (34) sentencia_mientras -> MIENTRAS LPAREN condicion RPAREN LBLOCK . lista_sentencia RBLOCK
    (41) lista_sentencia -> . lista_sentencia sentencia
    (42) lista_sentencia -> . sentencia
    (37) sentencia -> . sentencia_si
    (38) sentencia -> . sentencia_mientras
    (39) sentencia -> . sentencia_para
    (40) sentencia -> . statement
    (32) sentencia_si -> . SI LPAREN condicion RPAREN LBLOCK lista_sentencia RBLOCK
    (33) sentencia_si -> . SI LPAREN condicion RPAREN LBLOCK lista_sentencia RBLOCK NO LBLOCK lista_sentencia RBLOCK
    (34) sentencia_mientras -> . MIENTRAS LPAREN condicion RPAREN LBLOCK lista_sentencia RBLOCK
    (35) sentencia_mientras -> . HAZ LBLOCK lista_sentencia RBLOCK MIENTRAS LPAREN condicion RPAREN PUNTOYCOMA
    (36) sentencia_para -> . PARA LPAREN asignacion condicion PUNTOYCOMA asignacion RPAREN LBLOCK lista_sentencia RBLOCK
    (5) statement -> . asignacion
    (6) statement -> . COMENTARIOS
    (12) statement -> . LEER DOSPUNTOS expr
    (13) statement -> . IMPRIMIR DOSPUNTOS expr PUNTOYCOMA
    (7) asignacion -> . ID ASIGNAR expr PUNTOYCOMA

    SI              shift and go to state 11
    MIENTRAS        shift and go to state 12
    HAZ             shift and go to state 13
    PARA            shift and go to state 14
    COMENTARIOS     shift and go to state 8
    LEER            shift and go to state 9
    IMPRIMIR        shift and go to state 10
    ID              shift and go to state 15

    lista_sentencia                shift and go to state 72
    sentencia                      shift and go to state 37
    sentencia_si                   shift and go to state 4
    sentencia_mientras             shift and go to state 5
    sentencia_para                 shift and go to state 6
    statement                      shift and go to state 38
    asignacion                     shift and go to state 7

state 69

    (35) sentencia_mientras -> HAZ LBLOCK lista_sentencia RBLOCK MIENTRAS . LPAREN condicion RPAREN PUNTOYCOMA

    LPAREN          shift and go to state 73


state 70

    (36) sentencia_para -> PARA LPAREN asignacion condicion PUNTOYCOMA . asignacion RPAREN LBLOCK lista_sentencia RBLOCK
    (7) asignacion -> . ID ASIGNAR expr PUNTOYCOMA

    ID              shift and go to state 15

    asignacion                     shift and go to state 74

state 71

    (32) sentencia_si -> SI LPAREN condicion RPAREN LBLOCK lista_sentencia . RBLOCK
    (33) sentencia_si -> SI LPAREN condicion RPAREN LBLOCK lista_sentencia . RBLOCK NO LBLOCK lista_sentencia RBLOCK
    (41) lista_sentencia -> lista_sentencia . sentencia
    (37) sentencia -> . sentencia_si
    (38) sentencia -> . sentencia_mientras
    (39) sentencia -> . sentencia_para
    (40) sentencia -> . statement
    (32) sentencia_si -> . SI LPAREN condicion RPAREN LBLOCK lista_sentencia RBLOCK
    (33) sentencia_si -> . SI LPAREN condicion RPAREN LBLOCK lista_sentencia RBLOCK NO LBLOCK lista_sentencia RBLOCK
    (34) sentencia_mientras -> . MIENTRAS LPAREN condicion RPAREN LBLOCK lista_sentencia RBLOCK
    (35) sentencia_mientras -> . HAZ LBLOCK lista_sentencia RBLOCK MIENTRAS LPAREN condicion RPAREN PUNTOYCOMA
    (36) sentencia_para -> . PARA LPAREN asignacion condicion PUNTOYCOMA asignacion RPAREN LBLOCK lista_sentencia RBLOCK
    (5) statement -> . asignacion
    (6) statement -> . COMENTARIOS
    (12) statement -> . LEER DOSPUNTOS expr
    (13) statement -> . IMPRIMIR DOSPUNTOS expr PUNTOYCOMA
    (7) asignacion -> . ID ASIGNAR expr PUNTOYCOMA

    RBLOCK          shift and go to state 75
    SI              shift and go to state 11
    MIENTRAS        shift and go to state 12
    HAZ             shift and go to state 13
    PARA            shift and go to state 14
    COMENTARIOS     shift and go to state 8
    LEER            shift and go to state 9
    IMPRIMIR        shift and go to state 10
    ID              shift and go to state 15

    sentencia                      shift and go to state 58
    sentencia_si                   shift and go to state 4
    sentencia_mientras             shift and go to state 5
    sentencia_para                 shift and go to state 6
    statement                      shift and go to state 38
    asignacion                     shift and go to state 7

state 72

    (34) sentencia_mientras -> MIENTRAS LPAREN condicion RPAREN LBLOCK lista_sentencia . RBLOCK
    (41) lista_sentencia -> lista_sentencia . sentencia
    (37) sentencia -> . sentencia_si
    (38) sentencia -> . sentencia_mientras
    (39) sentencia -> . sentencia_para
    (40) sentencia -> . statement
    (32) sentencia_si -> . SI LPAREN condicion RPAREN LBLOCK lista_sentencia RBLOCK
    (33) sentencia_si -> . SI LPAREN condicion RPAREN LBLOCK lista_sentencia RBLOCK NO LBLOCK lista_sentencia RBLOCK
    (34) sentencia_mientras -> . MIENTRAS LPAREN condicion RPAREN LBLOCK lista_sentencia RBLOCK
    (35) sentencia_mientras -> . HAZ LBLOCK lista_sentencia RBLOCK MIENTRAS LPAREN condicion RPAREN PUNTOYCOMA
    (36) sentencia_para -> . PARA LPAREN asignacion condicion PUNTOYCOMA asignacion RPAREN LBLOCK lista_sentencia RBLOCK
    (5) statement -> . asignacion
    (6) statement -> . COMENTARIOS
    (12) statement -> . LEER DOSPUNTOS expr
    (13) statement -> . IMPRIMIR DOSPUNTOS expr PUNTOYCOMA
    (7) asignacion -> . ID ASIGNAR expr PUNTOYCOMA

    RBLOCK          shift and go to state 76
    SI              shift and go to state 11
    MIENTRAS        shift and go to state 12
    HAZ             shift and go to state 13
    PARA            shift and go to state 14
    COMENTARIOS     shift and go to state 8
    LEER            shift and go to state 9
    IMPRIMIR        shift and go to state 10
    ID              shift and go to state 15

    sentencia                      shift and go to state 58
    sentencia_si                   shift and go to state 4
    sentencia_mientras             shift and go to state 5
    sentencia_para                 shift and go to state 6
    statement                      shift and go to state 38
    asignacion                     shift and go to state 7

state 73

    (35) sentencia_mientras -> HAZ LBLOCK lista_sentencia RBLOCK MIENTRAS LPAREN . condicion RPAREN PUNTOYCOMA
    (31) condicion -> . expr condiciones expr
    (14) expr -> . ID
    (15) expr -> . NUMERICO
    (16) expr -> . CADENA
    (17) expr -> . CARACTER
    (18) expr -> . ESTADO
    (19) expr -> . expr MAS expr
    (20) expr -> . expr MULTIPLICAR expr
    (21) expr -> . expr DIVIDIR expr
    (22) expr -> . expr MENOS expr
    (23) expr -> . LPAREN expr RPAREN

    ID              shift and go to state 26
    NUMERICO        shift and go to state 27
    CADENA          shift and go to state 28
    CARACTER        shift and go to state 29
    ESTADO          shift and go to state 30
    LPAREN          shift and go to state 31

    condicion                      shift and go to state 77
    expr                           shift and go to state 34

state 74

    (36) sentencia_para -> PARA LPAREN asignacion condicion PUNTOYCOMA asignacion . RPAREN LBLOCK lista_sentencia RBLOCK

    RPAREN          shift and go to state 78


state 75

    (32) sentencia_si -> SI LPAREN condicion RPAREN LBLOCK lista_sentencia RBLOCK .
    (33) sentencia_si -> SI LPAREN condicion RPAREN LBLOCK lista_sentencia RBLOCK . NO LBLOCK lista_sentencia RBLOCK

    COMENTARIOS     reduce using rule 32 (sentencia_si -> SI LPAREN condicion RPAREN LBLOCK lista_sentencia RBLOCK .)
    LEER            reduce using rule 32 (sentencia_si -> SI LPAREN condicion RPAREN LBLOCK lista_sentencia RBLOCK .)
    IMPRIMIR        reduce using rule 32 (sentencia_si -> SI LPAREN condicion RPAREN LBLOCK lista_sentencia RBLOCK .)
    ID              reduce using rule 32 (sentencia_si -> SI LPAREN condicion RPAREN LBLOCK lista_sentencia RBLOCK .)
    SI              reduce using rule 32 (sentencia_si -> SI LPAREN condicion RPAREN LBLOCK lista_sentencia RBLOCK .)
    MIENTRAS        reduce using rule 32 (sentencia_si -> SI LPAREN condicion RPAREN LBLOCK lista_sentencia RBLOCK .)
    HAZ             reduce using rule 32 (sentencia_si -> SI LPAREN condicion RPAREN LBLOCK lista_sentencia RBLOCK .)
    PARA            reduce using rule 32 (sentencia_si -> SI LPAREN condicion RPAREN LBLOCK lista_sentencia RBLOCK .)
    $end            reduce using rule 32 (sentencia_si -> SI LPAREN condicion RPAREN LBLOCK lista_sentencia RBLOCK .)
    RBLOCK          reduce using rule 32 (sentencia_si -> SI LPAREN condicion RPAREN LBLOCK lista_sentencia RBLOCK .)
    NO              shift and go to state 79


state 76

    (34) sentencia_mientras -> MIENTRAS LPAREN condicion RPAREN LBLOCK lista_sentencia RBLOCK .

    COMENTARIOS     reduce using rule 34 (sentencia_mientras -> MIENTRAS LPAREN condicion RPAREN LBLOCK lista_sentencia RBLOCK .)
    LEER            reduce using rule 34 (sentencia_mientras -> MIENTRAS LPAREN condicion RPAREN LBLOCK lista_sentencia RBLOCK .)
    IMPRIMIR        reduce using rule 34 (sentencia_mientras -> MIENTRAS LPAREN condicion RPAREN LBLOCK lista_sentencia RBLOCK .)
    ID              reduce using rule 34 (sentencia_mientras -> MIENTRAS LPAREN condicion RPAREN LBLOCK lista_sentencia RBLOCK .)
    SI              reduce using rule 34 (sentencia_mientras -> MIENTRAS LPAREN condicion RPAREN LBLOCK lista_sentencia RBLOCK .)
    MIENTRAS        reduce using rule 34 (sentencia_mientras -> MIENTRAS LPAREN condicion RPAREN LBLOCK lista_sentencia RBLOCK .)
    HAZ             reduce using rule 34 (sentencia_mientras -> MIENTRAS LPAREN condicion RPAREN LBLOCK lista_sentencia RBLOCK .)
    PARA            reduce using rule 34 (sentencia_mientras -> MIENTRAS LPAREN condicion RPAREN LBLOCK lista_sentencia RBLOCK .)
    $end            reduce using rule 34 (sentencia_mientras -> MIENTRAS LPAREN condicion RPAREN LBLOCK lista_sentencia RBLOCK .)
    RBLOCK          reduce using rule 34 (sentencia_mientras -> MIENTRAS LPAREN condicion RPAREN LBLOCK lista_sentencia RBLOCK .)


state 77

    (35) sentencia_mientras -> HAZ LBLOCK lista_sentencia RBLOCK MIENTRAS LPAREN condicion . RPAREN PUNTOYCOMA

    RPAREN          shift and go to state 80


state 78

    (36) sentencia_para -> PARA LPAREN asignacion condicion PUNTOYCOMA asignacion RPAREN . LBLOCK lista_sentencia RBLOCK

    LBLOCK          shift and go to state 81


state 79

    (33) sentencia_si -> SI LPAREN condicion RPAREN LBLOCK lista_sentencia RBLOCK NO . LBLOCK lista_sentencia RBLOCK

    LBLOCK          shift and go to state 82


state 80

    (35) sentencia_mientras -> HAZ LBLOCK lista_sentencia RBLOCK MIENTRAS LPAREN condicion RPAREN . PUNTOYCOMA

    PUNTOYCOMA      shift and go to state 83


state 81

    (36) sentencia_para -> PARA LPAREN asignacion condicion PUNTOYCOMA asignacion RPAREN LBLOCK . lista_sentencia RBLOCK
    (41) lista_sentencia -> . lista_sentencia sentencia
    (42) lista_sentencia -> . sentencia
    (37) sentencia -> . sentencia_si
    (38) sentencia -> . sentencia_mientras
    (39) sentencia -> . sentencia_para
    (40) sentencia -> . statement
    (32) sentencia_si -> . SI LPAREN condicion RPAREN LBLOCK lista_sentencia RBLOCK
    (33) sentencia_si -> . SI LPAREN condicion RPAREN LBLOCK lista_sentencia RBLOCK NO LBLOCK lista_sentencia RBLOCK
    (34) sentencia_mientras -> . MIENTRAS LPAREN condicion RPAREN LBLOCK lista_sentencia RBLOCK
    (35) sentencia_mientras -> . HAZ LBLOCK lista_sentencia RBLOCK MIENTRAS LPAREN condicion RPAREN PUNTOYCOMA
    (36) sentencia_para -> . PARA LPAREN asignacion condicion PUNTOYCOMA asignacion RPAREN LBLOCK lista_sentencia RBLOCK
    (5) statement -> . asignacion
    (6) statement -> . COMENTARIOS
    (12) statement -> . LEER DOSPUNTOS expr
    (13) statement -> . IMPRIMIR DOSPUNTOS expr PUNTOYCOMA
    (7) asignacion -> . ID ASIGNAR expr PUNTOYCOMA

    SI              shift and go to state 11
    MIENTRAS        shift and go to state 12
    HAZ             shift and go to state 13
    PARA            shift and go to state 14
    COMENTARIOS     shift and go to state 8
    LEER            shift and go to state 9
    IMPRIMIR        shift and go to state 10
    ID              shift and go to state 15

    asignacion                     shift and go to state 7
    lista_sentencia                shift and go to state 84
    sentencia                      shift and go to state 37
    sentencia_si                   shift and go to state 4
    sentencia_mientras             shift and go to state 5
    sentencia_para                 shift and go to state 6
    statement                      shift and go to state 38

state 82

    (33) sentencia_si -> SI LPAREN condicion RPAREN LBLOCK lista_sentencia RBLOCK NO LBLOCK . lista_sentencia RBLOCK
    (41) lista_sentencia -> . lista_sentencia sentencia
    (42) lista_sentencia -> . sentencia
    (37) sentencia -> . sentencia_si
    (38) sentencia -> . sentencia_mientras
    (39) sentencia -> . sentencia_para
    (40) sentencia -> . statement
    (32) sentencia_si -> . SI LPAREN condicion RPAREN LBLOCK lista_sentencia RBLOCK
    (33) sentencia_si -> . SI LPAREN condicion RPAREN LBLOCK lista_sentencia RBLOCK NO LBLOCK lista_sentencia RBLOCK
    (34) sentencia_mientras -> . MIENTRAS LPAREN condicion RPAREN LBLOCK lista_sentencia RBLOCK
    (35) sentencia_mientras -> . HAZ LBLOCK lista_sentencia RBLOCK MIENTRAS LPAREN condicion RPAREN PUNTOYCOMA
    (36) sentencia_para -> . PARA LPAREN asignacion condicion PUNTOYCOMA asignacion RPAREN LBLOCK lista_sentencia RBLOCK
    (5) statement -> . asignacion
    (6) statement -> . COMENTARIOS
    (12) statement -> . LEER DOSPUNTOS expr
    (13) statement -> . IMPRIMIR DOSPUNTOS expr PUNTOYCOMA
    (7) asignacion -> . ID ASIGNAR expr PUNTOYCOMA

    SI              shift and go to state 11
    MIENTRAS        shift and go to state 12
    HAZ             shift and go to state 13
    PARA            shift and go to state 14
    COMENTARIOS     shift and go to state 8
    LEER            shift and go to state 9
    IMPRIMIR        shift and go to state 10
    ID              shift and go to state 15

    lista_sentencia                shift and go to state 85
    sentencia                      shift and go to state 37
    sentencia_si                   shift and go to state 4
    sentencia_mientras             shift and go to state 5
    sentencia_para                 shift and go to state 6
    statement                      shift and go to state 38
    asignacion                     shift and go to state 7

state 83

    (35) sentencia_mientras -> HAZ LBLOCK lista_sentencia RBLOCK MIENTRAS LPAREN condicion RPAREN PUNTOYCOMA .

    COMENTARIOS     reduce using rule 35 (sentencia_mientras -> HAZ LBLOCK lista_sentencia RBLOCK MIENTRAS LPAREN condicion RPAREN PUNTOYCOMA .)
    LEER            reduce using rule 35 (sentencia_mientras -> HAZ LBLOCK lista_sentencia RBLOCK MIENTRAS LPAREN condicion RPAREN PUNTOYCOMA .)
    IMPRIMIR        reduce using rule 35 (sentencia_mientras -> HAZ LBLOCK lista_sentencia RBLOCK MIENTRAS LPAREN condicion RPAREN PUNTOYCOMA .)
    ID              reduce using rule 35 (sentencia_mientras -> HAZ LBLOCK lista_sentencia RBLOCK MIENTRAS LPAREN condicion RPAREN PUNTOYCOMA .)
    SI              reduce using rule 35 (sentencia_mientras -> HAZ LBLOCK lista_sentencia RBLOCK MIENTRAS LPAREN condicion RPAREN PUNTOYCOMA .)
    MIENTRAS        reduce using rule 35 (sentencia_mientras -> HAZ LBLOCK lista_sentencia RBLOCK MIENTRAS LPAREN condicion RPAREN PUNTOYCOMA .)
    HAZ             reduce using rule 35 (sentencia_mientras -> HAZ LBLOCK lista_sentencia RBLOCK MIENTRAS LPAREN condicion RPAREN PUNTOYCOMA .)
    PARA            reduce using rule 35 (sentencia_mientras -> HAZ LBLOCK lista_sentencia RBLOCK MIENTRAS LPAREN condicion RPAREN PUNTOYCOMA .)
    $end            reduce using rule 35 (sentencia_mientras -> HAZ LBLOCK lista_sentencia RBLOCK MIENTRAS LPAREN condicion RPAREN PUNTOYCOMA .)
    RBLOCK          reduce using rule 35 (sentencia_mientras -> HAZ LBLOCK lista_sentencia RBLOCK MIENTRAS LPAREN condicion RPAREN PUNTOYCOMA .)


state 84

    (36) sentencia_para -> PARA LPAREN asignacion condicion PUNTOYCOMA asignacion RPAREN LBLOCK lista_sentencia . RBLOCK
    (41) lista_sentencia -> lista_sentencia . sentencia
    (37) sentencia -> . sentencia_si
    (38) sentencia -> . sentencia_mientras
    (39) sentencia -> . sentencia_para
    (40) sentencia -> . statement
    (32) sentencia_si -> . SI LPAREN condicion RPAREN LBLOCK lista_sentencia RBLOCK
    (33) sentencia_si -> . SI LPAREN condicion RPAREN LBLOCK lista_sentencia RBLOCK NO LBLOCK lista_sentencia RBLOCK
    (34) sentencia_mientras -> . MIENTRAS LPAREN condicion RPAREN LBLOCK lista_sentencia RBLOCK
    (35) sentencia_mientras -> . HAZ LBLOCK lista_sentencia RBLOCK MIENTRAS LPAREN condicion RPAREN PUNTOYCOMA
    (36) sentencia_para -> . PARA LPAREN asignacion condicion PUNTOYCOMA asignacion RPAREN LBLOCK lista_sentencia RBLOCK
    (5) statement -> . asignacion
    (6) statement -> . COMENTARIOS
    (12) statement -> . LEER DOSPUNTOS expr
    (13) statement -> . IMPRIMIR DOSPUNTOS expr PUNTOYCOMA
    (7) asignacion -> . ID ASIGNAR expr PUNTOYCOMA

    RBLOCK          shift and go to state 86
    SI              shift and go to state 11
    MIENTRAS        shift and go to state 12
    HAZ             shift and go to state 13
    PARA            shift and go to state 14
    COMENTARIOS     shift and go to state 8
    LEER            shift and go to state 9
    IMPRIMIR        shift and go to state 10
    ID              shift and go to state 15

    asignacion                     shift and go to state 7
    sentencia                      shift and go to state 58
    sentencia_si                   shift and go to state 4
    sentencia_mientras             shift and go to state 5
    sentencia_para                 shift and go to state 6
    statement                      shift and go to state 38

state 85

    (33) sentencia_si -> SI LPAREN condicion RPAREN LBLOCK lista_sentencia RBLOCK NO LBLOCK lista_sentencia . RBLOCK
    (41) lista_sentencia -> lista_sentencia . sentencia
    (37) sentencia -> . sentencia_si
    (38) sentencia -> . sentencia_mientras
    (39) sentencia -> . sentencia_para
    (40) sentencia -> . statement
    (32) sentencia_si -> . SI LPAREN condicion RPAREN LBLOCK lista_sentencia RBLOCK
    (33) sentencia_si -> . SI LPAREN condicion RPAREN LBLOCK lista_sentencia RBLOCK NO LBLOCK lista_sentencia RBLOCK
    (34) sentencia_mientras -> . MIENTRAS LPAREN condicion RPAREN LBLOCK lista_sentencia RBLOCK
    (35) sentencia_mientras -> . HAZ LBLOCK lista_sentencia RBLOCK MIENTRAS LPAREN condicion RPAREN PUNTOYCOMA
    (36) sentencia_para -> . PARA LPAREN asignacion condicion PUNTOYCOMA asignacion RPAREN LBLOCK lista_sentencia RBLOCK
    (5) statement -> . asignacion
    (6) statement -> . COMENTARIOS
    (12) statement -> . LEER DOSPUNTOS expr
    (13) statement -> . IMPRIMIR DOSPUNTOS expr PUNTOYCOMA
    (7) asignacion -> . ID ASIGNAR expr PUNTOYCOMA

    RBLOCK          shift and go to state 87
    SI              shift and go to state 11
    MIENTRAS        shift and go to state 12
    HAZ             shift and go to state 13
    PARA            shift and go to state 14
    COMENTARIOS     shift and go to state 8
    LEER            shift and go to state 9
    IMPRIMIR        shift and go to state 10
    ID              shift and go to state 15

    sentencia                      shift and go to state 58
    sentencia_si                   shift and go to state 4
    sentencia_mientras             shift and go to state 5
    sentencia_para                 shift and go to state 6
    statement                      shift and go to state 38
    asignacion                     shift and go to state 7

state 86

    (36) sentencia_para -> PARA LPAREN asignacion condicion PUNTOYCOMA asignacion RPAREN LBLOCK lista_sentencia RBLOCK .

    COMENTARIOS     reduce using rule 36 (sentencia_para -> PARA LPAREN asignacion condicion PUNTOYCOMA asignacion RPAREN LBLOCK lista_sentencia RBLOCK .)
    LEER            reduce using rule 36 (sentencia_para -> PARA LPAREN asignacion condicion PUNTOYCOMA asignacion RPAREN LBLOCK lista_sentencia RBLOCK .)
    IMPRIMIR        reduce using rule 36 (sentencia_para -> PARA LPAREN asignacion condicion PUNTOYCOMA asignacion RPAREN LBLOCK lista_sentencia RBLOCK .)
    ID              reduce using rule 36 (sentencia_para -> PARA LPAREN asignacion condicion PUNTOYCOMA asignacion RPAREN LBLOCK lista_sentencia RBLOCK .)
    SI              reduce using rule 36 (sentencia_para -> PARA LPAREN asignacion condicion PUNTOYCOMA asignacion RPAREN LBLOCK lista_sentencia RBLOCK .)
    MIENTRAS        reduce using rule 36 (sentencia_para -> PARA LPAREN asignacion condicion PUNTOYCOMA asignacion RPAREN LBLOCK lista_sentencia RBLOCK .)
    HAZ             reduce using rule 36 (sentencia_para -> PARA LPAREN asignacion condicion PUNTOYCOMA asignacion RPAREN LBLOCK lista_sentencia RBLOCK .)
    PARA            reduce using rule 36 (sentencia_para -> PARA LPAREN asignacion condicion PUNTOYCOMA asignacion RPAREN LBLOCK lista_sentencia RBLOCK .)
    $end            reduce using rule 36 (sentencia_para -> PARA LPAREN asignacion condicion PUNTOYCOMA asignacion RPAREN LBLOCK lista_sentencia RBLOCK .)
    RBLOCK          reduce using rule 36 (sentencia_para -> PARA LPAREN asignacion condicion PUNTOYCOMA asignacion RPAREN LBLOCK lista_sentencia RBLOCK .)


state 87

    (33) sentencia_si -> SI LPAREN condicion RPAREN LBLOCK lista_sentencia RBLOCK NO LBLOCK lista_sentencia RBLOCK .

    COMENTARIOS     reduce using rule 33 (sentencia_si -> SI LPAREN condicion RPAREN LBLOCK lista_sentencia RBLOCK NO LBLOCK lista_sentencia RBLOCK .)
    LEER            reduce using rule 33 (sentencia_si -> SI LPAREN condicion RPAREN LBLOCK lista_sentencia RBLOCK NO LBLOCK lista_sentencia RBLOCK .)
    IMPRIMIR        reduce using rule 33 (sentencia_si -> SI LPAREN condicion RPAREN LBLOCK lista_sentencia RBLOCK NO LBLOCK lista_sentencia RBLOCK .)
    ID              reduce using rule 33 (sentencia_si -> SI LPAREN condicion RPAREN LBLOCK lista_sentencia RBLOCK NO LBLOCK lista_sentencia RBLOCK .)
    SI              reduce using rule 33 (sentencia_si -> SI LPAREN condicion RPAREN LBLOCK lista_sentencia RBLOCK NO LBLOCK lista_sentencia RBLOCK .)
    MIENTRAS        reduce using rule 33 (sentencia_si -> SI LPAREN condicion RPAREN LBLOCK lista_sentencia RBLOCK NO LBLOCK lista_sentencia RBLOCK .)
    HAZ             reduce using rule 33 (sentencia_si -> SI LPAREN condicion RPAREN LBLOCK lista_sentencia RBLOCK NO LBLOCK lista_sentencia RBLOCK .)
    PARA            reduce using rule 33 (sentencia_si -> SI LPAREN condicion RPAREN LBLOCK lista_sentencia RBLOCK NO LBLOCK lista_sentencia RBLOCK .)
    $end            reduce using rule 33 (sentencia_si -> SI LPAREN condicion RPAREN LBLOCK lista_sentencia RBLOCK NO LBLOCK lista_sentencia RBLOCK .)
    RBLOCK          reduce using rule 33 (sentencia_si -> SI LPAREN condicion RPAREN LBLOCK lista_sentencia RBLOCK NO LBLOCK lista_sentencia RBLOCK .)

WARNING: 
WARNING: Conflicts:
WARNING: 
WARNING: shift/reduce conflict for MAS in state 61 resolved as shift
WARNING: shift/reduce conflict for MULTIPLICAR in state 61 resolved as shift
WARNING: shift/reduce conflict for DIVIDIR in state 61 resolved as shift
WARNING: shift/reduce conflict for MENOS in state 61 resolved as shift
WARNING: shift/reduce conflict for MAS in state 62 resolved as shift
WARNING: shift/reduce conflict for MULTIPLICAR in state 62 resolved as shift
WARNING: shift/reduce conflict for DIVIDIR in state 62 resolved as shift
WARNING: shift/reduce conflict for MENOS in state 62 resolved as shift
WARNING: shift/reduce conflict for MAS in state 63 resolved as shift
WARNING: shift/reduce conflict for MULTIPLICAR in state 63 resolved as shift
WARNING: shift/reduce conflict for DIVIDIR in state 63 resolved as shift
WARNING: shift/reduce conflict for MENOS in state 63 resolved as shift
WARNING: shift/reduce conflict for MAS in state 64 resolved as shift
WARNING: shift/reduce conflict for MULTIPLICAR in state 64 resolved as shift
WARNING: shift/reduce conflict for DIVIDIR in state 64 resolved as shift
WARNING: shift/reduce conflict for MENOS in state 64 resolved as shift
WARNING: reduce/reduce conflict in state 2 resolved using rule (statements -> statement)
WARNING: rejected rule (sentencia -> statement) in state 2
WARNING: reduce/reduce conflict in state 16 resolved using rule (statements -> statements statement)
WARNING: rejected rule (sentencia -> statement) in state 16
